<?xml version="1.0" encoding="UTF-8"?>
<!-- Generated by org.testng.reporters.JUnitXMLReporter -->
<testsuite hostname="LPT699-B1" ignored="0" name="Test" tests="8" failures="0" timestamp="2022-01-23T20:15:07 IST" time="187.266" errors="0">
  <testcase name="addCustomerDetails" time="3.991" classname="telecomtestpage.CustomerTest"/>
  <testcase name="addNocustomerDetails" time="1.41" classname="telecomtestpage.CustomerTest"/>
  <testcase name="addNoTariffPlan" time="1.299" classname="telecomtestpage.TraiffTest"/>
  <testcase name="addNoTariffToNewCustomer" time="4.477" classname="telecomtestpage.TraiffTest"/>
  <testcase name="addTariffToNewCustomer" time="6.117" classname="telecomtestpage.TraiffTest"/>
  <testcase name="addTraiffPlan" time="3.334" classname="telecomtestpage.TraiffTest"/>
  <testcase name="addNoBillDetails" time="1.157" classname="telecomtestpage.PayBillTest"/>
  <testcase name="payBill" time="5.257" classname="telecomtestpage.PayBillTest"/>
</testsuite> <!-- Test -->
